<?xml version="1.0" encoding="UTF-8"?>
<coverage generated="1579860697878" clover="3.2.0">
  <project timestamp="1579860697879" name="All files">
    <metrics statements="36" coveredstatements="36" conditionals="10" coveredconditionals="10" methods="8" coveredmethods="8" elements="54" coveredelements="54" complexity="0" loc="36" ncloc="36" packages="2" files="2" classes="2"/>
    <package name="src">
      <metrics statements="24" coveredstatements="24" conditionals="8" coveredconditionals="8" methods="3" coveredmethods="3"/>
      <file name="main.ts" path="/Users/dan/Development/smachine/src/main.ts">
        <metrics statements="24" coveredstatements="24" conditionals="8" coveredconditionals="8" methods="3" coveredmethods="3"/>
        <line num="2" count="1" type="stmt"/>
        <line num="3" count="1" type="stmt"/>
        <line num="8" count="1" type="stmt"/>
        <line num="13" count="1" type="stmt"/>
        <line num="18" count="1" type="stmt"/>
        <line num="23" count="1" type="stmt"/>
        <line num="24" count="35" type="cond" truecount="2" falsecount="0"/>
        <line num="25" count="19" type="stmt"/>
        <line num="27" count="16" type="stmt"/>
        <line num="30" count="35" type="stmt"/>
        <line num="37" count="1" type="stmt"/>
        <line num="38" count="35" type="stmt"/>
        <line num="40" count="35" type="cond" truecount="2" falsecount="0"/>
        <line num="41" count="1" type="stmt"/>
        <line num="44" count="34" type="cond" truecount="2" falsecount="0"/>
        <line num="45" count="3" type="stmt"/>
        <line num="48" count="31" type="cond" truecount="2" falsecount="0"/>
        <line num="49" count="2" type="stmt"/>
        <line num="52" count="29" type="stmt"/>
        <line num="53" count="29" type="stmt"/>
        <line num="57" count="1" type="stmt"/>
        <line num="58" count="6" type="stmt"/>
        <line num="59" count="6" type="stmt"/>
        <line num="62" count="6" type="stmt"/>
      </file>
    </package>
    <package name="src.utils">
      <metrics statements="12" coveredstatements="12" conditionals="2" coveredconditionals="2" methods="5" coveredmethods="5"/>
      <file name="Messages.ts" path="/Users/dan/Development/smachine/src/utils/Messages.ts">
        <metrics statements="12" coveredstatements="12" conditionals="2" coveredconditionals="2" methods="5" coveredmethods="5"/>
        <line num="3" count="1" type="stmt"/>
        <line num="7" count="2" type="stmt"/>
        <line num="10" count="1" type="stmt"/>
        <line num="11" count="6" type="cond" truecount="2" falsecount="0"/>
        <line num="12" count="2" type="stmt"/>
        <line num="13" count="2" type="stmt"/>
        <line num="16" count="6" type="stmt"/>
        <line num="19" count="1" type="stmt"/>
        <line num="20" count="6" type="stmt"/>
        <line num="21" count="6" type="stmt"/>
        <line num="23" count="1" type="stmt"/>
        <line num="25" count="1" type="stmt"/>
      </file>
    </package>
  </project>
</coverage>
