{"/Users/dan/Development/smachine/src/main.ts": {"path":"/Users/dan/Development/smachine/src/main.ts","statementMap":{"0":{"start":{"line":2,"column":0},"end":{"line":2,"column":46}},"1":{"start":{"line":3,"column":0},"end":{"line":3,"column":52}},"2":{"start":{"line":8,"column":13},"end":{"line":8,"column":28}},"3":{"start":{"line":13,"column":13},"end":{"line":13,"column":32}},"4":{"start":{"line":18,"column":13},"end":{"line":18,"column":40}},"5":{"start":{"line":24,"column":4},"end":{"line":28,"column":null}},"6":{"start":{"line":25,"column":8},"end":{"line":25,"column":48}},"7":{"start":{"line":27,"column":8},"end":{"line":27,"column":41}},"8":{"start":{"line":30,"column":4},"end":{"line":30,"column":15}},"9":{"start":{"line":23,"column":0},"end":{"line":23,"column":16}},"10":{"start":{"line":38,"column":4},"end":{"line":38,"column":49}},"11":{"start":{"line":40,"column":4},"end":{"line":42,"column":null}},"12":{"start":{"line":41,"column":8},"end":{"line":41,"column":69}},"13":{"start":{"line":44,"column":4},"end":{"line":46,"column":null}},"14":{"start":{"line":45,"column":8},"end":{"line":45,"column":27}},"15":{"start":{"line":48,"column":4},"end":{"line":50,"column":null}},"16":{"start":{"line":49,"column":8},"end":{"line":49,"column":58}},"17":{"start":{"line":52,"column":18},"end":{"line":52,"column":46}},"18":{"start":{"line":52,"column":4},"end":{"line":52,"column":46}},"19":{"start":{"line":53,"column":4},"end":{"line":53,"column":53}},"20":{"start":{"line":37,"column":0},"end":{"line":37,"column":22}},"21":{"start":{"line":58,"column":10},"end":{"line":58,"column":35}},"22":{"start":{"line":59,"column":25},"end":{"line":59,"column":null}},"23":{"start":{"line":59,"column":10},"end":{"line":59,"column":null}},"24":{"start":{"line":62,"column":11},"end":{"line":62,"column":60}},"25":{"start":{"line":62,"column":4},"end":{"line":62,"column":60}},"26":{"start":{"line":57,"column":0},"end":{"line":57,"column":30}}},"fnMap":{"0":{"name":"logStateVisits","decl":{"start":{"line":23,"column":16},"end":{"line":23,"column":30}},"loc":{"start":{"line":23,"column":68},"end":{"line":31,"column":1}}},"1":{"name":"getNextState","decl":{"start":{"line":37,"column":22},"end":{"line":37,"column":34}},"loc":{"start":{"line":37,"column":91},"end":{"line":54,"column":null}}},"2":{"name":"run","decl":{"start":{"line":57,"column":30},"end":{"line":57,"column":33}},"loc":{"start":{"line":57,"column":48},"end":{"line":63,"column":null}}}},"branchMap":{"0":{"loc":{"start":{"line":24,"column":4},"end":{"line":28,"column":null}},"type":"if","locations":[{"start":{"line":24,"column":4},"end":{"line":28,"column":null}},{"start":{"line":24,"column":4},"end":{"line":28,"column":null}}]},"1":{"loc":{"start":{"line":40,"column":4},"end":{"line":42,"column":null}},"type":"if","locations":[{"start":{"line":40,"column":4},"end":{"line":42,"column":null}},{"start":{"line":40,"column":4},"end":{"line":42,"column":null}}]},"2":{"loc":{"start":{"line":44,"column":4},"end":{"line":46,"column":null}},"type":"if","locations":[{"start":{"line":44,"column":4},"end":{"line":46,"column":null}},{"start":{"line":44,"column":4},"end":{"line":46,"column":null}}]},"3":{"loc":{"start":{"line":48,"column":4},"end":{"line":50,"column":null}},"type":"if","locations":[{"start":{"line":48,"column":4},"end":{"line":50,"column":null}},{"start":{"line":48,"column":4},"end":{"line":50,"column":null}}]}},"s":{"0":1,"1":1,"2":1,"3":1,"4":1,"5":35,"6":19,"7":16,"8":35,"9":1,"10":35,"11":35,"12":1,"13":34,"14":3,"15":31,"16":2,"17":29,"18":29,"19":29,"20":1,"21":6,"22":6,"23":6,"24":6,"25":6,"26":1},"f":{"0":35,"1":35,"2":6},"b":{"0":[19,16],"1":[1,34],"2":[3,31],"3":[2,29]}}
,"/Users/dan/Development/smachine/src/utils/Messages.ts": {"path":"/Users/dan/Development/smachine/src/utils/Messages.ts","statementMap":{"0":{"start":{"line":3,"column":0},"end":{"line":3,"column":null}},"1":{"start":{"line":7,"column":8},"end":{"line":7,"column":34}},"2":{"start":{"line":10,"column":4},"end":{"line":17,"column":null}},"3":{"start":{"line":11,"column":8},"end":{"line":15,"column":null}},"4":{"start":{"line":12,"column":12},"end":{"line":14,"column":15}},"5":{"start":{"line":13,"column":16},"end":{"line":13,"column":71}},"6":{"start":{"line":16,"column":8},"end":{"line":16,"column":23}},"7":{"start":{"line":19,"column":4},"end":{"line":22,"column":null}},"8":{"start":{"line":20,"column":14},"end":{"line":20,"column":15}},"9":{"start":{"line":20,"column":15},"end":{"line":20,"column":28}},"10":{"start":{"line":20,"column":30},"end":{"line":20,"column":45}},"11":{"start":{"line":21,"column":8},"end":{"line":21,"column":50}},"12":{"start":{"line":23,"column":0},"end":{"line":23,"column":null}},"13":{"start":{"line":25,"column":0},"end":{"line":25,"column":30}}},"fnMap":{"0":{"name":"(anonymous_0)","decl":{"start":{"line":3,"column":0},"end":{"line":3,"column":null}},"loc":{"start":{"line":3,"column":0},"end":{"line":23,"column":null}}},"1":{"name":"MessageHandler","decl":{"start":{"line":6,"column":4},"end":{"line":6,"column":16}},"loc":{"start":{"line":6,"column":35},"end":{"line":8,"column":5}}},"2":{"name":"(anonymous_2)","decl":{"start":{"line":10,"column":4},"end":{"line":10,"column":17}},"loc":{"start":{"line":10,"column":50},"end":{"line":17,"column":5}}},"3":{"name":"(anonymous_3)","decl":{"start":{"line":12,"column":40},"end":{"line":12,"column":45}},"loc":{"start":{"line":12,"column":45},"end":{"line":14,"column":13}}},"4":{"name":"(anonymous_4)","decl":{"start":{"line":19,"column":4},"end":{"line":19,"column":14}},"loc":{"start":{"line":19,"column":42},"end":{"line":22,"column":5}}}},"branchMap":{"0":{"loc":{"start":{"line":11,"column":8},"end":{"line":15,"column":null}},"type":"if","locations":[{"start":{"line":11,"column":8},"end":{"line":15,"column":null}},{"start":{"line":11,"column":8},"end":{"line":15,"column":null}}]}},"s":{"0":1,"1":2,"2":1,"3":6,"4":2,"5":2,"6":6,"7":1,"8":6,"9":6,"10":6,"11":6,"12":1,"13":1},"f":{"0":1,"1":2,"2":6,"3":2,"4":6},"b":{"0":[2,4]}}
}
