TN:
SF:/Users/dan/Development/smachine/src/main.ts
FN:23,logStateVisits
FN:37,getNextState
FN:57,run
FNF:3
FNH:3
FNDA:35,logStateVisits
FNDA:35,getNextState
FNDA:6,run
DA:2,1
DA:3,1
DA:8,1
DA:13,1
DA:18,1
DA:23,1
DA:24,35
DA:25,19
DA:27,16
DA:30,35
DA:37,1
DA:38,35
DA:40,35
DA:41,1
DA:44,34
DA:45,3
DA:48,31
DA:49,2
DA:52,29
DA:53,29
DA:57,1
DA:58,6
DA:59,6
DA:62,6
LF:24
LH:24
BRDA:24,0,0,19
BRDA:24,0,1,16
BRDA:40,1,0,1
BRDA:40,1,1,34
BRDA:44,2,0,3
BRDA:44,2,1,31
BRDA:48,3,0,2
BRDA:48,3,1,29
BRF:8
BRH:8
end_of_record
TN:
SF:/Users/dan/Development/smachine/src/utils/Messages.ts
FN:3,(anonymous_0)
FN:6,MessageHandler
FN:10,(anonymous_2)
FN:12,(anonymous_3)
FN:19,(anonymous_4)
FNF:5
FNH:5
FNDA:1,(anonymous_0)
FNDA:2,MessageHandler
FNDA:6,(anonymous_2)
FNDA:2,(anonymous_3)
FNDA:6,(anonymous_4)
DA:3,1
DA:7,2
DA:10,1
DA:11,6
DA:12,2
DA:13,2
DA:16,6
DA:19,1
DA:20,6
DA:21,6
DA:23,1
DA:25,1
LF:12
LH:12
BRDA:11,0,0,2
BRDA:11,0,1,4
BRF:2
BRH:2
end_of_record
